
> front@0.1.0 start /home/ec2-user/front2
> react-scripts start

[34mℹ[39m [90m｢wds｣[39m: Project is running at http://172.31.25.255/
[34mℹ[39m [90m｢wds｣[39m: webpack output is served from 
[34mℹ[39m [90m｢wds｣[39m: Content not from webpack is served from /home/ec2-user/front2/public
[34mℹ[39m [90m｢wds｣[39m: 404s will fallback to /
Starting the development server...

Compiled with warnings.

src/pages/contato/Contato.tsx
  Line 2:10:  'FiArrowRight' is defined but never used  @typescript-eslint/no-unused-vars
  Line 3:10:  'Link' is defined but never used          @typescript-eslint/no-unused-vars

src/pages/home/Home.tsx
  Line 2:10:  'FiArrowRight' is defined but never used  @typescript-eslint/no-unused-vars
  Line 9:8:   'image3' is defined but never used        @typescript-eslint/no-unused-vars
  Line 12:8:  'logo1' is defined but never used         @typescript-eslint/no-unused-vars

src/pages/models/nav/Nav.jsx
  Line 2:27:  'Router' is defined but never used    no-unused-vars
  Line 4:8:   'firebase' is defined but never used  no-unused-vars

src/pages/person/Person.jsx
  Line 40:25:  Redundant alt attribute. Screen-readers already announce `img` tags as an image. You don’t need to use the words `image`, `photo,` or `picture` (or any specified custom words) in the alt prop  jsx-a11y/img-redundant-alt

Search for the keywords to learn more about each warning.
To ignore, add // eslint-disable-next-line to the line before.

Compiling...
Compiled successfully!
Compiling...
Files successfully emitted, waiting for typecheck results...
Compiled successfully!
Compiling...
Compiled successfully!
Compiling...
Files successfully emitted, waiting for typecheck results...
Compiled successfully!
